Using pre-set license
Built from '2020.3/staging' branch; Version is '2020.3.0f1 (c7b5465681fb) revision 13088070'; Using compiler version '192528614'; Build Type 'Release'
OS: 'Windows 10 Home; OS build 19042.985; Version 2009; 64bit' Language: 'en' Physical Memory: 6021 MB
BatchMode: 1, IsHumanControllingUs: 0, StartBugReporterOnCrash: 0, Is64bit: 1, IsPro: 0

 COMMAND LINE ARGUMENTS:
C:\Program Files\Unity\Hub\Editor\2020.3.0f1\Editor\Unity.exe
-adb2
-batchMode
-noUpm
-name
AssetImportWorker0
-projectPath
C:/Users/cnkid_ztw3ynb/Desktop/EK-Gravity Trails
-logFile
Logs/AssetImportWorker0.log
-srvPort
63014
Successfully changed project path to: C:/Users/cnkid_ztw3ynb/Desktop/EK-Gravity Trails
C:/Users/cnkid_ztw3ynb/Desktop/EK-Gravity Trails
Using Asset Import Pipeline V2.
Refreshing native plugins compatible for Editor in 54.48 ms, found 0 plugins.
Preloading 0 native plugins for Editor in 0.00 ms.
Initialize engine version: 2020.3.0f1 (c7b5465681fb)
[Subsystems] Discovering subsystems at path C:/Program Files/Unity/Hub/Editor/2020.3.0f1/Editor/Data/Resources/UnitySubsystems
[Subsystems] Discovering subsystems at path C:/Users/cnkid_ztw3ynb/Desktop/EK-Gravity Trails/Assets
GfxDevice: creating device client; threaded=0
Direct3D:
    Version:  Direct3D 11.0 [level 11.1]
    Renderer: NVIDIA GeForce GTX 1050 (ID=0x1c91)
    Vendor:   
    VRAM:     2996 MB
    Driver:   27.21.14.6230
Initialize mono
Mono path[0] = 'C:/Program Files/Unity/Hub/Editor/2020.3.0f1/Editor/Data/Managed'
Mono path[1] = 'C:/Program Files/Unity/Hub/Editor/2020.3.0f1/Editor/Data/MonoBleedingEdge/lib/mono/unityjit'
Mono config path = 'C:/Program Files/Unity/Hub/Editor/2020.3.0f1/Editor/Data/MonoBleedingEdge/etc'
Using monoOptions --debugger-agent=transport=dt_socket,embedding=1,server=y,suspend=n,address=127.0.0.1:56348
Begin MonoManager ReloadAssembly
Registering precompiled unity dll's ...
Register platform support module: C:/Program Files/Unity/Hub/Editor/2020.3.0f1/Editor/Data/PlaybackEngines/WindowsStandaloneSupport/UnityEditor.WindowsStandalone.Extensions.dll
Registered in 0.004822 seconds.
Native extension for WindowsStandalone target not found
Refreshing native plugins compatible for Editor in 48.75 ms, found 0 plugins.
Preloading 0 native plugins for Editor in 0.00 ms.
Invoked RoslynAnalysisRunner static constructor.
RoslynAnalysisRunner will not be running.
RoslynAnalysisRunner has terminated.
Mono: successfully reloaded assembly
- Completed reload, in  2.632 seconds
Platform modules already initialized, skipping
Registering precompiled user dll's ...
Registered in 0.002634 seconds.
Begin MonoManager ReloadAssembly
Native extension for WindowsStandalone target not found
Refreshing native plugins compatible for Editor in 0.56 ms, found 0 plugins.
Preloading 0 native plugins for Editor in 0.00 ms.
Invoked RoslynAnalysisRunner static constructor.
RoslynAnalysisRunner will not be running.
RoslynAnalysisRunner has terminated.
Mono: successfully reloaded assembly
- Completed reload, in  2.038 seconds
Platform modules already initialized, skipping
========================================================================
Worker process is ready to serve import requests
Launched and connected shader compiler UnityShaderCompiler.exe after 0.13 seconds
Refreshing native plugins compatible for Editor in 0.61 ms, found 0 plugins.
Preloading 0 native plugins for Editor in 0.00 ms.
Unloading 1309 Unused Serialized files (Serialized files now loaded: 0)
System memory in use before: 82.0 MB.
System memory in use after: 82.1 MB.

Unloading 13 unused Assets to reduce memory usage. Loaded Objects now: 1780.
Total: 4.086900 ms (FindLiveObjects: 0.378400 ms CreateObjectMapping: 0.056700 ms MarkObjects: 3.599900 ms  DeleteObjects: 0.049200 ms)

========================================================================
Received Import Request.
  path: Assets/Scenes
  artifactKey: Guid(84b367d61aa78dc4c96b2a9ddbca9223) Importer(815301076,1909f56bfc062723c751e8b465ee728b)
Start importing Assets/Scenes using Guid(84b367d61aa78dc4c96b2a9ddbca9223) Importer(815301076,1909f56bfc062723c751e8b465ee728b)  -> (artifact id: 'e50abbbcbc47068fa74cc4c16841620b') in 0.030215 seconds
  Import took 0.035522 seconds .

========================================================================
Received Import Request.
  Time since last request: 0.001375 seconds.
  path: Assets/Artwork
  artifactKey: Guid(ee9e38fcdb9798c4bb07172ddc6eb796) Importer(815301076,1909f56bfc062723c751e8b465ee728b)
Start importing Assets/Artwork using Guid(ee9e38fcdb9798c4bb07172ddc6eb796) Importer(815301076,1909f56bfc062723c751e8b465ee728b)  -> (artifact id: '76d392352f59e6dd6b0678548c0ea9fa') in 0.017296 seconds
  Import took 0.023766 seconds .

========================================================================
Received Import Request.
  Time since last request: 0.000689 seconds.
  path: Assets/Cainos
  artifactKey: Guid(a009b22d13ef30b48ac45b086358301e) Importer(815301076,1909f56bfc062723c751e8b465ee728b)
Start importing Assets/Cainos using Guid(a009b22d13ef30b48ac45b086358301e) Importer(815301076,1909f56bfc062723c751e8b465ee728b)  -> (artifact id: '9714af6adc69b19f23694c7f66ec69a5') in 0.019713 seconds
  Import took 0.025521 seconds .

========================================================================
Received Import Request.
  Time since last request: 0.000619 seconds.
  path: Assets/Scripts
  artifactKey: Guid(1cbb9e956765ec64f8060b69c82184e8) Importer(815301076,1909f56bfc062723c751e8b465ee728b)
Start importing Assets/Scripts using Guid(1cbb9e956765ec64f8060b69c82184e8) Importer(815301076,1909f56bfc062723c751e8b465ee728b)  -> (artifact id: '5b3e02267e9b7d3785bb2ec7f3d529c7') in 0.024660 seconds
  Import took 0.033205 seconds .

AssetImportWorkerClient::OnTransportError - code=2 error=End of file
